342  [main] INFO  org.example.Library - Application starting! 
344  [main] WARN  org.example.Library - This log was created at the warn level 
345  [main] ERROR org.example.Library - This log was created at the Error level 
441  [main] INFO  io.javalin.Javalin - Starting Javalin ... 
442  [main] INFO  io.javalin.Javalin - No port specified, starting on port 8080. Call start(port) to change ports. 
577  [main] INFO  org.eclipse.jetty.server.Server - jetty-11.0.12; built: 2022-09-14T02:38:00.723Z; git: d5b8c29485f5f56a14be5f20c2ccce81b93c5555; jvm 18.0.1.1+2-6 
682  [main] INFO  o.e.j.s.s.DefaultSessionIdManager - Session workerName=node0 
697  [main] INFO  o.e.j.server.handler.ContextHandler - Started i.j.j.@18317edc{/,null,AVAILABLE} 
710  [main] INFO  o.e.jetty.server.AbstractConnector - Started ServerConnector@3c73951{HTTP/1.1, (http/1.1)}{0.0.0.0:8080} 
721  [main] INFO  org.eclipse.jetty.server.Server - Started Server@7bd4937b{STARTING}[11.0.12,sto=0] @888ms 
721  [main] INFO  io.javalin.Javalin - 
       __                  ___          ______
      / /___ __   ______ _/ (_)___     / ____/
 __  / / __ `/ | / / __ `/ / / __ \   /___ \
/ /_/ / /_/ /| |/ / /_/ / / / / / /  ____/ /
\____/\__,_/ |___/\__,_/_/_/_/ /_/  /_____/

       https://javalin.io/documentation
 
726  [main] INFO  io.javalin.Javalin - Listening on http://localhost:8080/ 
739  [main] INFO  io.javalin.Javalin - You are running Javalin 5.2.0 (released November 20, 2022). 
739  [main] INFO  io.javalin.Javalin - Javalin started in 300ms \o/ 
1603921 [JettyServerThreadPool-23] WARN  io.javalin.Javalin - Uncaught exception 
java.lang.IndexOutOfBoundsException: Index 1 out of bounds for length 1
	at java.base/jdk.internal.util.Preconditions.outOfBounds(Preconditions.java:100)
	at java.base/jdk.internal.util.Preconditions.outOfBoundsCheckIndex(Preconditions.java:106)
	at java.base/jdk.internal.util.Preconditions.checkIndex(Preconditions.java:302)
	at java.base/java.util.Objects.checkIndex(Objects.java:359)
	at java.base/java.util.ArrayList.get(ArrayList.java:427)
	at org.example.Library.lambda$main$0(Library.java:39)
	at io.javalin.routing.HandlerEntry.handle(HandlerEntry.kt:19)
	at io.javalin.http.servlet.DefaultTasks.HTTP$lambda-8$lambda-6$lambda-5(DefaultTasks.kt:38)
	at io.javalin.http.servlet.JavalinServlet.handleTask(JavalinServlet.kt:86)
	at io.javalin.http.servlet.JavalinServlet.handleSync(JavalinServlet.kt:53)
	at io.javalin.http.servlet.JavalinServlet.service(JavalinServlet.kt:41)
	at jakarta.servlet.http.HttpServlet.service(HttpServlet.java:587)
	at io.javalin.jetty.JavalinJettyServlet.service(JavalinJettyServlet.kt:58)
	at jakarta.servlet.http.HttpServlet.service(HttpServlet.java:587)
	at org.eclipse.jetty.servlet.ServletHolder.handle(ServletHolder.java:764)
	at org.eclipse.jetty.servlet.ServletHandler.doHandle(ServletHandler.java:529)
	at org.eclipse.jetty.server.handler.ScopedHandler.nextHandle(ScopedHandler.java:221)
	at org.eclipse.jetty.server.session.SessionHandler.doHandle(SessionHandler.java:1571)
	at org.eclipse.jetty.server.handler.ScopedHandler.nextHandle(ScopedHandler.java:221)
	at io.javalin.jetty.JettyServer$start$wsAndHttpHandler$1.doHandle(JettyServer.kt:57)
	at org.eclipse.jetty.server.handler.ScopedHandler.nextScope(ScopedHandler.java:176)
	at org.eclipse.jetty.servlet.ServletHandler.doScope(ServletHandler.java:484)
	at org.eclipse.jetty.server.session.SessionHandler.doScope(SessionHandler.java:1544)
	at org.eclipse.jetty.server.handler.ScopedHandler.nextScope(ScopedHandler.java:174)
	at org.eclipse.jetty.server.handler.ContextHandler.doScope(ContextHandler.java:1302)
	at org.eclipse.jetty.server.handler.ScopedHandler.handle(ScopedHandler.java:129)
	at org.eclipse.jetty.server.handler.StatisticsHandler.handle(StatisticsHandler.java:173)
	at org.eclipse.jetty.server.handler.HandlerWrapper.handle(HandlerWrapper.java:122)
	at org.eclipse.jetty.server.Server.handle(Server.java:563)
	at org.eclipse.jetty.server.HttpChannel.lambda$handle$0(HttpChannel.java:505)
	at org.eclipse.jetty.server.HttpChannel.dispatch(HttpChannel.java:762)
	at org.eclipse.jetty.server.HttpChannel.handle(HttpChannel.java:497)
	at org.eclipse.jetty.server.HttpConnection.onFillable(HttpConnection.java:282)
	at org.eclipse.jetty.io.AbstractConnection$ReadCallback.succeeded(AbstractConnection.java:314)
	at org.eclipse.jetty.io.FillInterest.fillable(FillInterest.java:100)
	at org.eclipse.jetty.io.SelectableChannelEndPoint$1.run(SelectableChannelEndPoint.java:53)
	at org.eclipse.jetty.util.thread.QueuedThreadPool.runJob(QueuedThreadPool.java:933)
	at org.eclipse.jetty.util.thread.QueuedThreadPool$Runner.run(QueuedThreadPool.java:1077)
	at java.base/java.lang.Thread.run(Thread.java:833)
366  [main] INFO  org.example.Library - Application starting! 
368  [main] WARN  org.example.Library - This log was created at the warn level 
368  [main] ERROR org.example.Library - This log was created at the Error level 
461  [main] INFO  io.javalin.Javalin - Starting Javalin ... 
462  [main] INFO  io.javalin.Javalin - No port specified, starting on port 8080. Call start(port) to change ports. 
591  [main] INFO  org.eclipse.jetty.server.Server - jetty-11.0.12; built: 2022-09-14T02:38:00.723Z; git: d5b8c29485f5f56a14be5f20c2ccce81b93c5555; jvm 18.0.1.1+2-6 
675  [main] INFO  o.e.j.s.s.DefaultSessionIdManager - Session workerName=node0 
688  [main] INFO  o.e.j.server.handler.ContextHandler - Started i.j.j.@18317edc{/,null,AVAILABLE} 
700  [main] INFO  o.e.jetty.server.AbstractConnector - Started ServerConnector@3c73951{HTTP/1.1, (http/1.1)}{0.0.0.0:8080} 
710  [main] INFO  org.eclipse.jetty.server.Server - Started Server@7bd4937b{STARTING}[11.0.12,sto=0] @904ms 
710  [main] INFO  io.javalin.Javalin - 
       __                  ___          ______
      / /___ __   ______ _/ (_)___     / ____/
 __  / / __ `/ | / / __ `/ / / __ \   /___ \
/ /_/ / /_/ /| |/ / /_/ / / / / / /  ____/ /
\____/\__,_/ |___/\__,_/_/_/_/ /_/  /_____/

       https://javalin.io/documentation
 
715  [main] INFO  io.javalin.Javalin - Listening on http://localhost:8080/ 
729  [main] INFO  io.javalin.Javalin - You are running Javalin 5.2.0 (released November 20, 2022). 
729  [main] INFO  io.javalin.Javalin - Javalin started in 270ms \o/ 
351  [main] INFO  org.example.Library - Application starting! 
354  [main] WARN  org.example.Library - This log was created at the warn level 
354  [main] ERROR org.example.Library - This log was created at the Error level 
444  [main] INFO  io.javalin.Javalin - Starting Javalin ... 
444  [main] INFO  io.javalin.Javalin - No port specified, starting on port 8080. Call start(port) to change ports. 
535  [main] INFO  org.eclipse.jetty.server.Server - jetty-11.0.12; built: 2022-09-14T02:38:00.723Z; git: d5b8c29485f5f56a14be5f20c2ccce81b93c5555; jvm 18.0.1.1+2-6 
622  [main] INFO  o.e.j.s.s.DefaultSessionIdManager - Session workerName=node0 
639  [main] INFO  o.e.j.server.handler.ContextHandler - Started i.j.j.@18317edc{/,null,AVAILABLE} 
650  [main] INFO  o.e.jetty.server.AbstractConnector - Started ServerConnector@3c73951{HTTP/1.1, (http/1.1)}{0.0.0.0:8080} 
664  [main] INFO  org.eclipse.jetty.server.Server - Started Server@7bd4937b{STARTING}[11.0.12,sto=0] @834ms 
664  [main] INFO  io.javalin.Javalin - 
       __                  ___          ______
      / /___ __   ______ _/ (_)___     / ____/
 __  / / __ `/ | / / __ `/ / / __ \   /___ \
/ /_/ / /_/ /| |/ / /_/ / / / / / /  ____/ /
\____/\__,_/ |___/\__,_/_/_/_/ /_/  /_____/

       https://javalin.io/documentation
 
670  [main] INFO  io.javalin.Javalin - Listening on http://localhost:8080/ 
681  [main] INFO  io.javalin.Javalin - You are running Javalin 5.2.0 (released November 20, 2022). 
682  [main] INFO  io.javalin.Javalin - Javalin started in 239ms \o/ 
